=== HEAD (first 100 lines) ===
Linux flash_attn_3 py3.9 cu126 torch2.7.0	UNKNOWN STEP	﻿2026-04-22T05:26:03.1865975Z Current runner version: '2.333.1'
Linux flash_attn_3 py3.9 cu126 torch2.7.0	UNKNOWN STEP	2026-04-22T05:26:03.1901046Z ##[group]Runner Image Provisioner
Linux flash_attn_3 py3.9 cu126 torch2.7.0	UNKNOWN STEP	2026-04-22T05:26:03.1902161Z Hosted Compute Agent
Linux flash_attn_3 py3.9 cu126 torch2.7.0	UNKNOWN STEP	2026-04-22T05:26:03.1903023Z Version: 20260415.520
Linux flash_attn_3 py3.9 cu126 torch2.7.0	UNKNOWN STEP	2026-04-22T05:26:03.1903933Z Commit: af089020f5f67b61ccc91db6c07980876c02bf7b
Linux flash_attn_3 py3.9 cu126 torch2.7.0	UNKNOWN STEP	2026-04-22T05:26:03.1905062Z Build Date: 2026-04-15T18:07:08Z
Linux flash_attn_3 py3.9 cu126 torch2.7.0	UNKNOWN STEP	2026-04-22T05:26:03.1906040Z Worker ID: {68fe0466-d4b2-42bc-9d8d-5311b6c73e4c}
Linux flash_attn_3 py3.9 cu126 torch2.7.0	UNKNOWN STEP	2026-04-22T05:26:03.1907097Z Azure Region: eastus2
Linux flash_attn_3 py3.9 cu126 torch2.7.0	UNKNOWN STEP	2026-04-22T05:26:03.1908016Z ##[endgroup]
Linux flash_attn_3 py3.9 cu126 torch2.7.0	UNKNOWN STEP	2026-04-22T05:26:03.1910020Z ##[group]Operating System
Linux flash_attn_3 py3.9 cu126 torch2.7.0	UNKNOWN STEP	2026-04-22T05:26:03.1911209Z Ubuntu
Linux flash_attn_3 py3.9 cu126 torch2.7.0	UNKNOWN STEP	2026-04-22T05:26:03.1911828Z 22.04.5
Linux flash_attn_3 py3.9 cu126 torch2.7.0	UNKNOWN STEP	2026-04-22T05:26:03.1912715Z LTS
Linux flash_attn_3 py3.9 cu126 torch2.7.0	UNKNOWN STEP	2026-04-22T05:26:03.1913343Z ##[endgroup]
Linux flash_attn_3 py3.9 cu126 torch2.7.0	UNKNOWN STEP	2026-04-22T05:26:03.1914062Z ##[group]Runner Image
Linux flash_attn_3 py3.9 cu126 torch2.7.0	UNKNOWN STEP	2026-04-22T05:26:03.1914979Z Image: ubuntu-22.04
Linux flash_attn_3 py3.9 cu126 torch2.7.0	UNKNOWN STEP	2026-04-22T05:26:03.1915789Z Version: 20260419.94.1
Linux flash_attn_3 py3.9 cu126 torch2.7.0	UNKNOWN STEP	2026-04-22T05:26:03.1917607Z Included Software: https://github.com/actions/runner-images/blob/ubuntu22/20260419.94/images/ubuntu/Ubuntu2204-Readme.md
Linux flash_attn_3 py3.9 cu126 torch2.7.0	UNKNOWN STEP	2026-04-22T05:26:03.1919881Z Image Release: https://github.com/actions/runner-images/releases/tag/ubuntu22%2F20260419.94
Linux flash_attn_3 py3.9 cu126 torch2.7.0	UNKNOWN STEP	2026-04-22T05:26:03.1921851Z ##[endgroup]
Linux flash_attn_3 py3.9 cu126 torch2.7.0	UNKNOWN STEP	2026-04-22T05:26:03.1923422Z ##[group]GITHUB_TOKEN Permissions
Linux flash_attn_3 py3.9 cu126 torch2.7.0	UNKNOWN STEP	2026-04-22T05:26:03.1926211Z Contents: read
Linux flash_attn_3 py3.9 cu126 torch2.7.0	UNKNOWN STEP	2026-04-22T05:26:03.1927054Z Metadata: read
Linux flash_attn_3 py3.9 cu126 torch2.7.0	UNKNOWN STEP	2026-04-22T05:26:03.1927734Z ##[endgroup]
Linux flash_attn_3 py3.9 cu126 torch2.7.0	UNKNOWN STEP	2026-04-22T05:26:03.1931180Z Secret source: Actions
Linux flash_attn_3 py3.9 cu126 torch2.7.0	UNKNOWN STEP	2026-04-22T05:26:03.1932528Z Prepare workflow directory
Linux flash_attn_3 py3.9 cu126 torch2.7.0	UNKNOWN STEP	2026-04-22T05:26:03.2466110Z Prepare all required actions
Linux flash_attn_3 py3.9 cu126 torch2.7.0	UNKNOWN STEP	2026-04-22T05:26:03.2519509Z Getting action download info
Linux flash_attn_3 py3.9 cu126 torch2.7.0	UNKNOWN STEP	2026-04-22T05:26:03.5128929Z Download action repository 'actions/checkout@de0fac2e4500dabe0009e67214ff5f5447ce83dd' (SHA:de0fac2e4500dabe0009e67214ff5f5447ce83dd)
Linux flash_attn_3 py3.9 cu126 torch2.7.0	UNKNOWN STEP	2026-04-22T05:26:04.2395973Z Download action repository 'actions/upload-artifact@043fb46d1a93c77aae656e7c1c64a875d1fc6a0a' (SHA:043fb46d1a93c77aae656e7c1c64a875d1fc6a0a)
Linux flash_attn_3 py3.9 cu126 torch2.7.0	UNKNOWN STEP	2026-04-22T05:26:04.6626609Z Complete job name: Linux flash_attn_3 py3.9 cu126 torch2.7.0
Linux flash_attn_3 py3.9 cu126 torch2.7.0	UNKNOWN STEP	2026-04-22T05:26:04.7284845Z ##[group]Run sudo rm -rf /usr/share/dotnet &
Linux flash_attn_3 py3.9 cu126 torch2.7.0	UNKNOWN STEP	2026-04-22T05:26:04.7285600Z [36;1msudo rm -rf /usr/share/dotnet &[0m
Linux flash_attn_3 py3.9 cu126 torch2.7.0	UNKNOWN STEP	2026-04-22T05:26:04.7286210Z [36;1msudo rm -rf /usr/local/lib/android &[0m
Linux flash_attn_3 py3.9 cu126 torch2.7.0	UNKNOWN STEP	2026-04-22T05:26:04.7286911Z [36;1msudo rm -rf /opt/ghc &[0m
Linux flash_attn_3 py3.9 cu126 torch2.7.0	UNKNOWN STEP	2026-04-22T05:26:04.7287496Z [36;1msudo rm -rf /opt/hostedtoolcache/CodeQL &[0m
Linux flash_attn_3 py3.9 cu126 torch2.7.0	UNKNOWN STEP	2026-04-22T05:26:04.7288116Z [36;1msudo rm -rf /usr/share/swift &[0m
Linux flash_attn_3 py3.9 cu126 torch2.7.0	UNKNOWN STEP	2026-04-22T05:26:04.7288669Z [36;1msudo rm -rf /usr/local/graalvm &[0m
Linux flash_attn_3 py3.9 cu126 torch2.7.0	UNKNOWN STEP	2026-04-22T05:26:04.7289255Z [36;1msudo rm -rf /usr/local/.ghcup &[0m
Linux flash_attn_3 py3.9 cu126 torch2.7.0	UNKNOWN STEP	2026-04-22T05:26:04.7289850Z [36;1msudo rm -rf /opt/hostedtoolcache/go &[0m
Linux flash_attn_3 py3.9 cu126 torch2.7.0	UNKNOWN STEP	2026-04-22T05:26:04.7290433Z [36;1msudo apt-get clean &[0m
Linux flash_attn_3 py3.9 cu126 torch2.7.0	UNKNOWN STEP	2026-04-22T05:26:04.7291305Z [36;1mwait[0m
Linux flash_attn_3 py3.9 cu126 torch2.7.0	UNKNOWN STEP	2026-04-22T05:26:04.7291703Z [36;1mdf -h[0m
Linux flash_attn_3 py3.9 cu126 torch2.7.0	UNKNOWN STEP	2026-04-22T05:26:04.7329349Z shell: /usr/bin/bash -e {0}
Linux flash_attn_3 py3.9 cu126 torch2.7.0	UNKNOWN STEP	2026-04-22T05:26:04.7330150Z env:
Linux flash_attn_3 py3.9 cu126 torch2.7.0	UNKNOWN STEP	2026-04-22T05:26:04.7330907Z   FORCE_JAVASCRIPT_ACTIONS_TO_NODE24: true
Linux flash_attn_3 py3.9 cu126 torch2.7.0	UNKNOWN STEP	2026-04-22T05:26:04.7331561Z ##[endgroup]
Linux flash_attn_3 py3.9 cu126 torch2.7.0	UNKNOWN STEP	2026-04-22T05:27:00.0154778Z Filesystem      Size  Used Avail Use% Mounted on
Linux flash_attn_3 py3.9 cu126 torch2.7.0	UNKNOWN STEP	2026-04-22T05:27:00.0155317Z /dev/root       146G   31G  115G  22% /
Linux flash_attn_3 py3.9 cu126 torch2.7.0	UNKNOWN STEP	2026-04-22T05:27:00.0155645Z tmpfs           7.9G  172K  7.9G   1% /dev/shm
Linux flash_attn_3 py3.9 cu126 torch2.7.0	UNKNOWN STEP	2026-04-22T05:27:00.0155974Z tmpfs           3.2G  1.1M  3.2G   1% /run
Linux flash_attn_3 py3.9 cu126 torch2.7.0	UNKNOWN STEP	2026-04-22T05:27:00.0156292Z tmpfs           5.0M     0  5.0M   0% /run/lock
Linux flash_attn_3 py3.9 cu126 torch2.7.0	UNKNOWN STEP	2026-04-22T05:27:00.0156666Z efivarfs        128M   34K  128M   1% /sys/firmware/efi/efivars
Linux flash_attn_3 py3.9 cu126 torch2.7.0	UNKNOWN STEP	2026-04-22T05:27:00.0157032Z /dev/sda15      105M  6.1M   99M   6% /boot/efi
Linux flash_attn_3 py3.9 cu126 torch2.7.0	UNKNOWN STEP	2026-04-22T05:27:00.0157366Z tmpfs           1.6G   12K  1.6G   1% /run/user/1001
Linux flash_attn_3 py3.9 cu126 torch2.7.0	UNKNOWN STEP	2026-04-22T05:27:00.0327446Z ##[group]Run actions/checkout@de0fac2e4500dabe0009e67214ff5f5447ce83dd
Linux flash_attn_3 py3.9 cu126 torch2.7.0	UNKNOWN STEP	2026-04-22T05:27:00.0327893Z with:
Linux flash_attn_3 py3.9 cu126 torch2.7.0	UNKNOWN STEP	2026-04-22T05:27:00.0328132Z   repository: pollockjj/wheels
Linux flash_attn_3 py3.9 cu126 torch2.7.0	UNKNOWN STEP	2026-04-22T05:27:00.0328598Z   token: ***
Linux flash_attn_3 py3.9 cu126 torch2.7.0	UNKNOWN STEP	2026-04-22T05:27:00.0328852Z   ssh-strict: true
Linux flash_attn_3 py3.9 cu126 torch2.7.0	UNKNOWN STEP	2026-04-22T05:27:00.0329087Z   ssh-user: git
Linux flash_attn_3 py3.9 cu126 torch2.7.0	UNKNOWN STEP	2026-04-22T05:27:00.0329325Z   persist-credentials: true
Linux flash_attn_3 py3.9 cu126 torch2.7.0	UNKNOWN STEP	2026-04-22T05:27:00.0329619Z   clean: true
Linux flash_attn_3 py3.9 cu126 torch2.7.0	UNKNOWN STEP	2026-04-22T05:27:00.0330110Z   sparse-checkout-cone-mode: true
Linux flash_attn_3 py3.9 cu126 torch2.7.0	UNKNOWN STEP	2026-04-22T05:27:00.0330389Z   fetch-depth: 1
Linux flash_attn_3 py3.9 cu126 torch2.7.0	UNKNOWN STEP	2026-04-22T05:27:00.0330797Z   fetch-tags: false
Linux flash_attn_3 py3.9 cu126 torch2.7.0	UNKNOWN STEP	2026-04-22T05:27:00.0331040Z   show-progress: true
Linux flash_attn_3 py3.9 cu126 torch2.7.0	UNKNOWN STEP	2026-04-22T05:27:00.0331270Z   lfs: false
Linux flash_attn_3 py3.9 cu126 torch2.7.0	UNKNOWN STEP	2026-04-22T05:27:00.0331479Z   submodules: false
Linux flash_attn_3 py3.9 cu126 torch2.7.0	UNKNOWN STEP	2026-04-22T05:27:00.0331715Z   set-safe-directory: true
Linux flash_attn_3 py3.9 cu126 torch2.7.0	UNKNOWN STEP	2026-04-22T05:27:00.0331993Z env:
Linux flash_attn_3 py3.9 cu126 torch2.7.0	UNKNOWN STEP	2026-04-22T05:27:00.0332232Z   FORCE_JAVASCRIPT_ACTIONS_TO_NODE24: true
Linux flash_attn_3 py3.9 cu126 torch2.7.0	UNKNOWN STEP	2026-04-22T05:27:00.0332537Z ##[endgroup]
Linux flash_attn_3 py3.9 cu126 torch2.7.0	UNKNOWN STEP	2026-04-22T05:27:00.1274539Z Syncing repository: pollockjj/wheels
Linux flash_attn_3 py3.9 cu126 torch2.7.0	UNKNOWN STEP	2026-04-22T05:27:00.1275949Z ##[group]Getting Git version info
Linux flash_attn_3 py3.9 cu126 torch2.7.0	UNKNOWN STEP	2026-04-22T05:27:00.1276327Z Working directory is '/home/runner/work/wheels/wheels'
Linux flash_attn_3 py3.9 cu126 torch2.7.0	UNKNOWN STEP	2026-04-22T05:27:00.1276885Z [command]/usr/bin/git version
Linux flash_attn_3 py3.9 cu126 torch2.7.0	UNKNOWN STEP	2026-04-22T05:27:00.2911091Z git version 2.53.0
Linux flash_attn_3 py3.9 cu126 torch2.7.0	UNKNOWN STEP	2026-04-22T05:27:00.2933868Z ##[endgroup]
Linux flash_attn_3 py3.9 cu126 torch2.7.0	UNKNOWN STEP	2026-04-22T05:27:00.2949046Z Temporarily overriding HOME='/home/runner/work/_temp/efa07c09-811d-4c37-ade5-0d046e7a41c7' before making global git config changes
Linux flash_attn_3 py3.9 cu126 torch2.7.0	UNKNOWN STEP	2026-04-22T05:27:00.2950364Z Adding repository directory to the temporary git global config as a safe directory
Linux flash_attn_3 py3.9 cu126 torch2.7.0	UNKNOWN STEP	2026-04-22T05:27:00.2954855Z [command]/usr/bin/git config --global --add safe.directory /home/runner/work/wheels/wheels
Linux flash_attn_3 py3.9 cu126 torch2.7.0	UNKNOWN STEP	2026-04-22T05:27:00.3059305Z Deleting the contents of '/home/runner/work/wheels/wheels'
Linux flash_attn_3 py3.9 cu126 torch2.7.0	UNKNOWN STEP	2026-04-22T05:27:00.3064521Z ##[group]Initializing the repository
Linux flash_attn_3 py3.9 cu126 torch2.7.0	UNKNOWN STEP	2026-04-22T05:27:00.3069809Z [command]/usr/bin/git init /home/runner/work/wheels/wheels
Linux flash_attn_3 py3.9 cu126 torch2.7.0	UNKNOWN STEP	2026-04-22T05:27:00.3796238Z hint: Using 'master' as the name for the initial branch. This default branch name
Linux flash_attn_3 py3.9 cu126 torch2.7.0	UNKNOWN STEP	2026-04-22T05:27:00.3796989Z hint: will change to "main" in Git 3.0. To configure the initial branch name
Linux flash_attn_3 py3.9 cu126 torch2.7.0	UNKNOWN STEP	2026-04-22T05:27:00.3797515Z hint: to use in all of your new repositories, which will suppress this warning,
Linux flash_attn_3 py3.9 cu126 torch2.7.0	UNKNOWN STEP	2026-04-22T05:27:00.3797921Z hint: call:
Linux flash_attn_3 py3.9 cu126 torch2.7.0	UNKNOWN STEP	2026-04-22T05:27:00.3798137Z hint:
Linux flash_attn_3 py3.9 cu126 torch2.7.0	UNKNOWN STEP	2026-04-22T05:27:00.3798467Z hint: 	git config --global init.defaultBranch <name>
Linux flash_attn_3 py3.9 cu126 torch2.7.0	UNKNOWN STEP	2026-04-22T05:27:00.3798804Z hint:
Linux flash_attn_3 py3.9 cu126 torch2.7.0	UNKNOWN STEP	2026-04-22T05:27:00.3799120Z hint: Names commonly chosen instead of 'master' are 'main', 'trunk' and
Linux flash_attn_3 py3.9 cu126 torch2.7.0	UNKNOWN STEP	2026-04-22T05:27:00.3799649Z hint: 'development'. The just-created branch can be renamed via this command:
Linux flash_attn_3 py3.9 cu126 torch2.7.0	UNKNOWN STEP	2026-04-22T05:27:00.3800031Z hint:
Linux flash_attn_3 py3.9 cu126 torch2.7.0	UNKNOWN STEP	2026-04-22T05:27:00.3800256Z hint: 	git branch -m <name>
Linux flash_attn_3 py3.9 cu126 torch2.7.0	UNKNOWN STEP	2026-04-22T05:27:00.3800505Z hint:
Linux flash_attn_3 py3.9 cu126 torch2.7.0	UNKNOWN STEP	2026-04-22T05:27:00.3801044Z hint: Disable this message with "git config set advice.defaultBranchName false"
Linux flash_attn_3 py3.9 cu126 torch2.7.0	UNKNOWN STEP	2026-04-22T05:27:00.3854533Z Initialized empty Git repository in /home/runner/work/wheels/wheels/.git/
Linux flash_attn_3 py3.9 cu126 torch2.7.0	UNKNOWN STEP	2026-04-22T05:27:00.3866674Z [command]/usr/bin/git remote add origin https://github.com/pollockjj/wheels

=== TAIL (last 100 lines) ===
Linux flash_attn_3 py3.9 cu126 torch2.7.0	UNKNOWN STEP	2026-04-22T08:42:43.7289742Z   ptxas info    : Used 255 registers, used 2 barriers, 24 bytes cumulative stack size, 1400 bytes cmem[0]
Linux flash_attn_3 py3.9 cu126 torch2.7.0	UNKNOWN STEP	2026-04-22T08:42:43.7290522Z   ptxas info    : Compile time = 460.992 ms
Linux flash_attn_3 py3.9 cu126 torch2.7.0	UNKNOWN STEP	2026-04-22T08:42:43.7293769Z   ptxas info    : Compiling entry function '_ZN7cutlass13device_kernelIN5flash19enable_sm80_to_sm89INS1_16FlashAttnFwdSm80INS1_25CollectiveMainloopFwdSm80ILi8ELi1ELb1EN4cute5tupleIJNS5_1CILi128EEES8_S8_EEELi128ENS_6half_tEfNS_4arch4Sm80ELb0ELb0ELb1ELb1ELb0ELb1ELb1ELb0EEENS1_21CollectiveEpilogueFwdIS9_NS6_IJNS7_ILi1EEESF_SF_EEESA_SC_Li256ELb1ELb1ELb0ELb0EEENS1_19SingleTileSchedulerILb1ELb0ELb1ELi128EEEEEEEEEvNT_6ParamsE' for 'sm_80'
Linux flash_attn_3 py3.9 cu126 torch2.7.0	UNKNOWN STEP	2026-04-22T08:42:43.7299106Z   ptxas info    : Function properties for _ZN7cutlass13device_kernelIN5flash19enable_sm80_to_sm89INS1_16FlashAttnFwdSm80INS1_25CollectiveMainloopFwdSm80ILi8ELi1ELb1EN4cute5tupleIJNS5_1CILi128EEES8_S8_EEELi128ENS_6half_tEfNS_4arch4Sm80ELb0ELb0ELb1ELb1ELb0ELb1ELb1ELb0EEENS1_21CollectiveEpilogueFwdIS9_NS6_IJNS7_ILi1EEESF_SF_EEESA_SC_Li256ELb1ELb1ELb0ELb0EEENS1_19SingleTileSchedulerILb1ELb0ELb1ELi128EEEEEEEEEvNT_6ParamsE
Linux flash_attn_3 py3.9 cu126 torch2.7.0	UNKNOWN STEP	2026-04-22T08:42:43.7302123Z       80 bytes stack frame, 88 bytes spill stores, 128 bytes spill loads
Linux flash_attn_3 py3.9 cu126 torch2.7.0	UNKNOWN STEP	2026-04-22T08:42:43.7303067Z   ptxas info    : Used 255 registers, used 2 barriers, 80 bytes cumulative stack size, 1400 bytes cmem[0]
Linux flash_attn_3 py3.9 cu126 torch2.7.0	UNKNOWN STEP	2026-04-22T08:42:43.7303748Z   ptxas info    : Compile time = 846.639 ms
Linux flash_attn_3 py3.9 cu126 torch2.7.0	UNKNOWN STEP	2026-04-22T08:42:43.7306776Z   ptxas info    : Compiling entry function '_ZN7cutlass13device_kernelIN5flash19enable_sm80_to_sm89INS1_16FlashAttnFwdSm80INS1_25CollectiveMainloopFwdSm80ILi8ELi1ELb1EN4cute5tupleIJNS5_1CILi128EEENS7_ILi96EEES8_EEELi128ENS_6half_tEfNS_4arch4Sm80ELb0ELb1ELb1ELb0ELb0ELb0ELb1ELb0EEENS1_21CollectiveEpilogueFwdINS6_IJS8_S8_S9_EEENS6_IJNS7_ILi1EEESH_SH_EEESB_SD_Li256ELb0ELb1ELb0ELb0EEENS1_19SingleTileSchedulerILb0ELb0ELb1ELi128EEEEEEEEEvNT_6ParamsE' for 'sm_80'
Linux flash_attn_3 py3.9 cu126 torch2.7.0	UNKNOWN STEP	2026-04-22T08:42:43.7313106Z   ptxas info    : Function properties for _ZN7cutlass13device_kernelIN5flash19enable_sm80_to_sm89INS1_16FlashAttnFwdSm80INS1_25CollectiveMainloopFwdSm80ILi8ELi1ELb1EN4cute5tupleIJNS5_1CILi128EEENS7_ILi96EEES8_EEELi128ENS_6half_tEfNS_4arch4Sm80ELb0ELb1ELb1ELb0ELb0ELb0ELb1ELb0EEENS1_21CollectiveEpilogueFwdINS6_IJS8_S8_S9_EEENS6_IJNS7_ILi1EEESH_SH_EEESB_SD_Li256ELb0ELb1ELb0ELb0EEENS1_19SingleTileSchedulerILb0ELb0ELb1ELi128EEEEEEEEEvNT_6ParamsE
Linux flash_attn_3 py3.9 cu126 torch2.7.0	UNKNOWN STEP	2026-04-22T08:42:43.7316277Z       0 bytes stack frame, 0 bytes spill stores, 0 bytes spill loads
Linux flash_attn_3 py3.9 cu126 torch2.7.0	UNKNOWN STEP	2026-04-22T08:42:43.7316958Z   ptxas info    : Used 255 registers, used 2 barriers, 1400 bytes cmem[0]
Linux flash_attn_3 py3.9 cu126 torch2.7.0	UNKNOWN STEP	2026-04-22T08:42:43.7317531Z   ptxas info    : Compile time = 658.735 ms
Linux flash_attn_3 py3.9 cu126 torch2.7.0	UNKNOWN STEP	2026-04-22T08:42:43.7321213Z   ptxas info    : Compiling entry function '_ZN7cutlass13device_kernelIN5flash19enable_sm80_to_sm89INS1_16FlashAttnFwdSm80INS1_25CollectiveMainloopFwdSm80ILi8ELi1ELb1EN4cute5tupleIJNS5_1CILi128EEENS7_ILi96EEES8_EEELi128ENS_6half_tEfNS_4arch4Sm80ELb0ELb1ELb1ELb1ELb0ELb0ELb1ELb0EEENS1_21CollectiveEpilogueFwdINS6_IJS8_S8_S9_EEENS6_IJNS7_ILi1EEESH_SH_EEESB_SD_Li256ELb1ELb1ELb0ELb0EEENS1_19SingleTileSchedulerILb1ELb0ELb1ELi128EEEEEEEEEvNT_6ParamsE' for 'sm_80'
Linux flash_attn_3 py3.9 cu126 torch2.7.0	UNKNOWN STEP	2026-04-22T08:42:43.7326939Z   ptxas info    : Function properties for _ZN7cutlass13device_kernelIN5flash19enable_sm80_to_sm89INS1_16FlashAttnFwdSm80INS1_25CollectiveMainloopFwdSm80ILi8ELi1ELb1EN4cute5tupleIJNS5_1CILi128EEENS7_ILi96EEES8_EEELi128ENS_6half_tEfNS_4arch4Sm80ELb0ELb1ELb1ELb1ELb0ELb0ELb1ELb0EEENS1_21CollectiveEpilogueFwdINS6_IJS8_S8_S9_EEENS6_IJNS7_ILi1EEESH_SH_EEESB_SD_Li256ELb1ELb1ELb0ELb0EEENS1_19SingleTileSchedulerILb1ELb0ELb1ELi128EEEEEEEEEvNT_6ParamsE
Linux flash_attn_3 py3.9 cu126 torch2.7.0	UNKNOWN STEP	2026-04-22T08:42:43.7330054Z       0 bytes stack frame, 0 bytes spill stores, 0 bytes spill loads
Linux flash_attn_3 py3.9 cu126 torch2.7.0	UNKNOWN STEP	2026-04-22T08:42:43.7330881Z   ptxas info    : Used 255 registers, used 2 barriers, 1400 bytes cmem[0]
Linux flash_attn_3 py3.9 cu126 torch2.7.0	UNKNOWN STEP	2026-04-22T08:42:43.7331432Z   ptxas info    : Compile time = 677.885 ms
Linux flash_attn_3 py3.9 cu126 torch2.7.0	UNKNOWN STEP	2026-04-22T08:42:43.7334456Z   ptxas info    : Compiling entry function '_ZN7cutlass13device_kernelIN5flash19enable_sm80_to_sm89INS1_16FlashAttnFwdSm80INS1_25CollectiveMainloopFwdSm80ILi8ELi1ELb1EN4cute5tupleIJNS5_1CILi128EEENS7_ILi96EEES8_EEELi128ENS_6half_tEfNS_4arch4Sm80ELb0ELb1ELb1ELb1ELb0ELb1ELb1ELb0EEENS1_21CollectiveEpilogueFwdINS6_IJS8_S8_S9_EEENS6_IJNS7_ILi1EEESH_SH_EEESB_SD_Li256ELb1ELb1ELb0ELb0EEENS1_19SingleTileSchedulerILb1ELb0ELb1ELi128EEEEEEEEEvNT_6ParamsE' for 'sm_80'
Linux flash_attn_3 py3.9 cu126 torch2.7.0	UNKNOWN STEP	2026-04-22T08:42:43.7340459Z   ptxas info    : Function properties for _ZN7cutlass13device_kernelIN5flash19enable_sm80_to_sm89INS1_16FlashAttnFwdSm80INS1_25CollectiveMainloopFwdSm80ILi8ELi1ELb1EN4cute5tupleIJNS5_1CILi128EEENS7_ILi96EEES8_EEELi128ENS_6half_tEfNS_4arch4Sm80ELb0ELb1ELb1ELb1ELb0ELb1ELb1ELb0EEENS1_21CollectiveEpilogueFwdINS6_IJS8_S8_S9_EEENS6_IJNS7_ILi1EEESH_SH_EEESB_SD_Li256ELb1ELb1ELb0ELb0EEENS1_19SingleTileSchedulerILb1ELb0ELb1ELi128EEEEEEEEEvNT_6ParamsE
Linux flash_attn_3 py3.9 cu126 torch2.7.0	UNKNOWN STEP	2026-04-22T08:42:43.7343716Z       0 bytes stack frame, 0 bytes spill stores, 0 bytes spill loads
Linux flash_attn_3 py3.9 cu126 torch2.7.0	UNKNOWN STEP	2026-04-22T08:42:43.7344376Z   ptxas info    : Used 254 registers, used 2 barriers, 1400 bytes cmem[0]
Linux flash_attn_3 py3.9 cu126 torch2.7.0	UNKNOWN STEP	2026-04-22T08:42:43.7344946Z   ptxas info    : Compile time = 1093.071 ms
Linux flash_attn_3 py3.9 cu126 torch2.7.0	UNKNOWN STEP	2026-04-22T08:42:43.7348137Z   ptxas info    : Compiling entry function '_ZN7cutlass13device_kernelIN5flash19enable_sm80_to_sm89INS1_16FlashAttnFwdSm80INS1_25CollectiveMainloopFwdSm80ILi8ELi1ELb1EN4cute5tupleIJNS5_1CILi128EEES8_S8_EEELi128ENS_6half_tEfNS_4arch4Sm80ELb1ELb0ELb1ELb0ELb0ELb0ELb1ELb0EEENS1_21CollectiveEpilogueFwdIS9_NS6_IJNS7_ILi1EEESF_SF_EEESA_SC_Li256ELb0ELb1ELb0ELb0EEENS1_30DynamicPersistentTileSchedulerILi256ELi256ELb0ELb1ELb0EEEEEEEEEvNT_6ParamsE' for 'sm_80'
Linux flash_attn_3 py3.9 cu126 torch2.7.0	UNKNOWN STEP	2026-04-22T08:42:43.7354175Z   ptxas info    : Function properties for _ZN7cutlass13device_kernelIN5flash19enable_sm80_to_sm89INS1_16FlashAttnFwdSm80INS1_25CollectiveMainloopFwdSm80ILi8ELi1ELb1EN4cute5tupleIJNS5_1CILi128EEES8_S8_EEELi128ENS_6half_tEfNS_4arch4Sm80ELb1ELb0ELb1ELb0ELb0ELb0ELb1ELb0EEENS1_21CollectiveEpilogueFwdIS9_NS6_IJNS7_ILi1EEESF_SF_EEESA_SC_Li256ELb0ELb1ELb0ELb0EEENS1_30DynamicPersistentTileSchedulerILi256ELi256ELb0ELb1ELb0EEEEEEEEEvNT_6ParamsE
Linux flash_attn_3 py3.9 cu126 torch2.7.0	UNKNOWN STEP	2026-04-22T08:42:43.7357247Z       120 bytes stack frame, 148 bytes spill stores, 316 bytes spill loads
Linux flash_attn_3 py3.9 cu126 torch2.7.0	UNKNOWN STEP	2026-04-22T08:42:43.7358110Z   ptxas info    : Used 255 registers, used 6 barriers, 120 bytes cumulative stack size, 1416 bytes cmem[0]
Linux flash_attn_3 py3.9 cu126 torch2.7.0	UNKNOWN STEP	2026-04-22T08:42:43.7358861Z   ptxas info    : Compile time = 814.599 ms
Linux flash_attn_3 py3.9 cu126 torch2.7.0	UNKNOWN STEP	2026-04-22T08:42:43.7362079Z   ptxas info    : Compiling entry function '_ZN7cutlass13device_kernelIN5flash19enable_sm80_to_sm89INS1_16FlashAttnFwdSm80INS1_25CollectiveMainloopFwdSm80ILi8ELi1ELb1EN4cute5tupleIJNS5_1CILi128EEES8_S8_EEELi128ENS_6half_tEfNS_4arch4Sm80ELb1ELb0ELb1ELb1ELb0ELb0ELb1ELb0EEENS1_21CollectiveEpilogueFwdIS9_NS6_IJNS7_ILi1EEESF_SF_EEESA_SC_Li256ELb1ELb1ELb0ELb0EEENS1_19SingleTileSchedulerILb1ELb0ELb1ELi128EEEEEEEEEvNT_6ParamsE' for 'sm_80'
Linux flash_attn_3 py3.9 cu126 torch2.7.0	UNKNOWN STEP	2026-04-22T08:42:43.7367251Z   ptxas info    : Function properties for _ZN7cutlass13device_kernelIN5flash19enable_sm80_to_sm89INS1_16FlashAttnFwdSm80INS1_25CollectiveMainloopFwdSm80ILi8ELi1ELb1EN4cute5tupleIJNS5_1CILi128EEES8_S8_EEELi128ENS_6half_tEfNS_4arch4Sm80ELb1ELb0ELb1ELb1ELb0ELb0ELb1ELb0EEENS1_21CollectiveEpilogueFwdIS9_NS6_IJNS7_ILi1EEESF_SF_EEESA_SC_Li256ELb1ELb1ELb0ELb0EEENS1_19SingleTileSchedulerILb1ELb0ELb1ELi128EEEEEEEEEvNT_6ParamsE
Linux flash_attn_3 py3.9 cu126 torch2.7.0	UNKNOWN STEP	2026-04-22T08:42:43.7370302Z       88 bytes stack frame, 120 bytes spill stores, 208 bytes spill loads
Linux flash_attn_3 py3.9 cu126 torch2.7.0	UNKNOWN STEP	2026-04-22T08:42:43.7371347Z   ptxas info    : Used 255 registers, used 2 barriers, 88 bytes cumulative stack size, 1400 bytes cmem[0]
Linux flash_attn_3 py3.9 cu126 torch2.7.0	UNKNOWN STEP	2026-04-22T08:42:43.7372113Z   ptxas info    : Compile time = 792.358 ms
Linux flash_attn_3 py3.9 cu126 torch2.7.0	UNKNOWN STEP	2026-04-22T08:42:43.7375103Z   ptxas info    : Compiling entry function '_ZN7cutlass13device_kernelIN5flash19enable_sm80_to_sm89INS1_16FlashAttnFwdSm80INS1_25CollectiveMainloopFwdSm80ILi8ELi1ELb1EN4cute5tupleIJNS5_1CILi128EEES8_S8_EEELi128ENS_6half_tEfNS_4arch4Sm80ELb1ELb0ELb1ELb1ELb0ELb1ELb1ELb0EEENS1_21CollectiveEpilogueFwdIS9_NS6_IJNS7_ILi1EEESF_SF_EEESA_SC_Li256ELb1ELb1ELb0ELb0EEENS1_19SingleTileSchedulerILb1ELb0ELb1ELi128EEEEEEEEEvNT_6ParamsE' for 'sm_80'
Linux flash_attn_3 py3.9 cu126 torch2.7.0	UNKNOWN STEP	2026-04-22T08:42:43.7381130Z   ptxas info    : Function properties for _ZN7cutlass13device_kernelIN5flash19enable_sm80_to_sm89INS1_16FlashAttnFwdSm80INS1_25CollectiveMainloopFwdSm80ILi8ELi1ELb1EN4cute5tupleIJNS5_1CILi128EEES8_S8_EEELi128ENS_6half_tEfNS_4arch4Sm80ELb1ELb0ELb1ELb1ELb0ELb1ELb1ELb0EEENS1_21CollectiveEpilogueFwdIS9_NS6_IJNS7_ILi1EEESF_SF_EEESA_SC_Li256ELb1ELb1ELb0ELb0EEENS1_19SingleTileSchedulerILb1ELb0ELb1ELi128EEEEEEEEEvNT_6ParamsE
Linux flash_attn_3 py3.9 cu126 torch2.7.0	UNKNOWN STEP	2026-04-22T08:42:43.7384022Z       104 bytes stack frame, 156 bytes spill stores, 268 bytes spill loads
Linux flash_attn_3 py3.9 cu126 torch2.7.0	UNKNOWN STEP	2026-04-22T08:42:43.7395156Z   ptxas info    : Used 255 registers, used 2 barriers, 104 bytes cumulative stack size, 1400 bytes cmem[0]
Linux flash_attn_3 py3.9 cu126 torch2.7.0	UNKNOWN STEP	2026-04-22T08:42:43.7396024Z   ptxas info    : Compile time = 1304.847 ms
Linux flash_attn_3 py3.9 cu126 torch2.7.0	UNKNOWN STEP	2026-04-22T08:42:43.7399064Z   ptxas info    : Compiling entry function '_ZN7cutlass13device_kernelIN5flash19enable_sm80_to_sm89INS1_16FlashAttnFwdSm80INS1_25CollectiveMainloopFwdSm80ILi4ELi1ELb0EN4cute5tupleIJNS5_1CILi128EEENS7_ILi64EEES8_EEELi128ENS_6half_tEfNS_4arch4Sm80ELb0ELb0ELb1ELb0ELb0ELb0ELb1ELb0EEENS1_21CollectiveEpilogueFwdINS6_IJS8_S8_S9_EEENS6_IJNS7_ILi1EEESH_SH_EEESB_SD_Li128ELb0ELb1ELb0ELb0EEENS1_19SingleTileSchedulerILb0ELb0ELb1ELi128EEEEEEEEEvNT_6ParamsE' for 'sm_80'
Linux flash_attn_3 py3.9 cu126 torch2.7.0	UNKNOWN STEP	2026-04-22T08:42:43.7405095Z   ptxas info    : Function properties for _ZN7cutlass13device_kernelIN5flash19enable_sm80_to_sm89INS1_16FlashAttnFwdSm80INS1_25CollectiveMainloopFwdSm80ILi4ELi1ELb0EN4cute5tupleIJNS5_1CILi128EEENS7_ILi64EEES8_EEELi128ENS_6half_tEfNS_4arch4Sm80ELb0ELb0ELb1ELb0ELb0ELb0ELb1ELb0EEENS1_21CollectiveEpilogueFwdINS6_IJS8_S8_S9_EEENS6_IJNS7_ILi1EEESH_SH_EEESB_SD_Li128ELb0ELb1ELb0ELb0EEENS1_19SingleTileSchedulerILb0ELb0ELb1ELi128EEEEEEEEEvNT_6ParamsE
Linux flash_attn_3 py3.9 cu126 torch2.7.0	UNKNOWN STEP	2026-04-22T08:42:43.7408182Z       128 bytes stack frame, 168 bytes spill stores, 200 bytes spill loads
Linux flash_attn_3 py3.9 cu126 torch2.7.0	UNKNOWN STEP	2026-04-22T08:42:43.7409018Z   ptxas info    : Used 255 registers, used 2 barriers, 128 bytes cumulative stack size, 1400 bytes cmem[0]
Linux flash_attn_3 py3.9 cu126 torch2.7.0	UNKNOWN STEP	2026-04-22T08:42:43.7409745Z   ptxas info    : Compile time = 502.242 ms
Linux flash_attn_3 py3.9 cu126 torch2.7.0	UNKNOWN STEP	2026-04-22T08:42:43.7413023Z   ptxas info    : Compiling entry function '_ZN7cutlass13device_kernelIN5flash19enable_sm80_to_sm89INS1_16FlashAttnFwdSm80INS1_25CollectiveMainloopFwdSm80ILi4ELi1ELb0EN4cute5tupleIJNS5_1CILi128EEENS7_ILi64EEES8_EEELi128ENS_6half_tEfNS_4arch4Sm80ELb0ELb0ELb1ELb1ELb0ELb0ELb1ELb0EEENS1_21CollectiveEpilogueFwdINS6_IJS8_S8_S9_EEENS6_IJNS7_ILi1EEESH_SH_EEESB_SD_Li128ELb1ELb1ELb0ELb0EEENS1_19SingleTileSchedulerILb1ELb0ELb1ELi128EEEEEEEEEvNT_6ParamsE' for 'sm_80'
Linux flash_attn_3 py3.9 cu126 torch2.7.0	UNKNOWN STEP	2026-04-22T08:42:43.7418711Z   ptxas info    : Function properties for _ZN7cutlass13device_kernelIN5flash19enable_sm80_to_sm89INS1_16FlashAttnFwdSm80INS1_25CollectiveMainloopFwdSm80ILi4ELi1ELb0EN4cute5tupleIJNS5_1CILi128EEENS7_ILi64EEES8_EEELi128ENS_6half_tEfNS_4arch4Sm80ELb0ELb0ELb1ELb1ELb0ELb0ELb1ELb0EEENS1_21CollectiveEpilogueFwdINS6_IJS8_S8_S9_EEENS6_IJNS7_ILi1EEESH_SH_EEESB_SD_Li128ELb1ELb1ELb0ELb0EEENS1_19SingleTileSchedulerILb1ELb0ELb1ELi128EEEEEEEEEvNT_6ParamsE
Linux flash_attn_3 py3.9 cu126 torch2.7.0	UNKNOWN STEP	2026-04-22T08:42:43.7422980Z       152 bytes stack frame, 220 bytes spill stores, 248 bytes spill loads
Linux flash_attn_3 py3.9 cu126 torch2.7.0	UNKNOWN STEP	2026-04-22T08:42:43.7423841Z   ptxas info    : Used 255 registers, used 2 barriers, 152 bytes cumulative stack size, 1400 bytes cmem[0]
Linux flash_attn_3 py3.9 cu126 torch2.7.0	UNKNOWN STEP	2026-04-22T08:42:43.7424732Z   ptxas info    : Compile time = 556.467 ms
Linux flash_attn_3 py3.9 cu126 torch2.7.0	UNKNOWN STEP	2026-04-22T08:42:43.7427791Z   ptxas info    : Compiling entry function '_ZN7cutlass13device_kernelIN5flash19enable_sm80_to_sm89INS1_16FlashAttnFwdSm80INS1_25CollectiveMainloopFwdSm80ILi4ELi1ELb0EN4cute5tupleIJNS5_1CILi128EEENS7_ILi64EEES8_EEELi128ENS_6half_tEfNS_4arch4Sm80ELb0ELb0ELb1ELb1ELb0ELb1ELb1ELb0EEENS1_21CollectiveEpilogueFwdINS6_IJS8_S8_S9_EEENS6_IJNS7_ILi1EEESH_SH_EEESB_SD_Li128ELb1ELb1ELb0ELb0EEENS1_19SingleTileSchedulerILb1ELb0ELb1ELi128EEEEEEEEEvNT_6ParamsE' for 'sm_80'
Linux flash_attn_3 py3.9 cu126 torch2.7.0	UNKNOWN STEP	2026-04-22T08:42:43.7433718Z   ptxas info    : Function properties for _ZN7cutlass13device_kernelIN5flash19enable_sm80_to_sm89INS1_16FlashAttnFwdSm80INS1_25CollectiveMainloopFwdSm80ILi4ELi1ELb0EN4cute5tupleIJNS5_1CILi128EEENS7_ILi64EEES8_EEELi128ENS_6half_tEfNS_4arch4Sm80ELb0ELb0ELb1ELb1ELb0ELb1ELb1ELb0EEENS1_21CollectiveEpilogueFwdINS6_IJS8_S8_S9_EEENS6_IJNS7_ILi1EEESH_SH_EEESB_SD_Li128ELb1ELb1ELb0ELb0EEENS1_19SingleTileSchedulerILb1ELb0ELb1ELi128EEEEEEEEEvNT_6ParamsE
Linux flash_attn_3 py3.9 cu126 torch2.7.0	UNKNOWN STEP	2026-04-22T08:42:43.7436800Z       152 bytes stack frame, 212 bytes spill stores, 248 bytes spill loads
Linux flash_attn_3 py3.9 cu126 torch2.7.0	UNKNOWN STEP	2026-04-22T08:42:43.7437665Z   ptxas info    : Used 255 registers, used 2 barriers, 152 bytes cumulative stack size, 1400 bytes cmem[0]
Linux flash_attn_3 py3.9 cu126 torch2.7.0	UNKNOWN STEP	2026-04-22T08:42:43.7438411Z   ptxas info    : Compile time = 1025.655 ms
Linux flash_attn_3 py3.9 cu126 torch2.7.0	UNKNOWN STEP	2026-04-22T08:42:43.7441775Z   ptxas info    : Compiling entry function '_ZN7cutlass13device_kernelIN5flash19enable_sm80_to_sm89INS1_16FlashAttnFwdSm80INS1_25CollectiveMainloopFwdSm80ILi4ELi1ELb0EN4cute5tupleIJNS5_1CILi128EEENS7_ILi48EEES8_EEELi128ENS_6half_tEfNS_4arch4Sm80ELb0ELb1ELb1ELb0ELb0ELb0ELb1ELb0EEENS1_21CollectiveEpilogueFwdINS6_IJS8_S8_S9_EEENS6_IJNS7_ILi1EEESH_SH_EEESB_SD_Li128ELb0ELb1ELb0ELb0EEENS1_19SingleTileSchedulerILb0ELb0ELb1ELi128EEEEEEEEEvNT_6ParamsE' for 'sm_80'
Linux flash_attn_3 py3.9 cu126 torch2.7.0	UNKNOWN STEP	2026-04-22T08:42:43.7447499Z   ptxas info    : Function properties for _ZN7cutlass13device_kernelIN5flash19enable_sm80_to_sm89INS1_16FlashAttnFwdSm80INS1_25CollectiveMainloopFwdSm80ILi4ELi1ELb0EN4cute5tupleIJNS5_1CILi128EEENS7_ILi48EEES8_EEELi128ENS_6half_tEfNS_4arch4Sm80ELb0ELb1ELb1ELb0ELb0ELb0ELb1ELb0EEENS1_21CollectiveEpilogueFwdINS6_IJS8_S8_S9_EEENS6_IJNS7_ILi1EEESH_SH_EEESB_SD_Li128ELb0ELb1ELb0ELb0EEENS1_19SingleTileSchedulerILb0ELb0ELb1ELi128EEEEEEEEEvNT_6ParamsE
Linux flash_attn_3 py3.9 cu126 torch2.7.0	UNKNOWN STEP	2026-04-22T08:42:43.7450891Z       104 bytes stack frame, 152 bytes spill stores, 228 bytes spill loads
Linux flash_attn_3 py3.9 cu126 torch2.7.0	UNKNOWN STEP	2026-04-22T08:42:43.7451746Z   ptxas info    : Used 255 registers, used 2 barriers, 104 bytes cumulative stack size, 1400 bytes cmem[0]
Linux flash_attn_3 py3.9 cu126 torch2.7.0	UNKNOWN STEP	2026-04-22T08:42:43.7452491Z   ptxas info    : Compile time = 937.854 ms
Linux flash_attn_3 py3.9 cu126 torch2.7.0	UNKNOWN STEP	2026-04-22T08:42:43.7455566Z   ptxas info    : Compiling entry function '_ZN7cutlass13device_kernelIN5flash19enable_sm80_to_sm89INS1_16FlashAttnFwdSm80INS1_25CollectiveMainloopFwdSm80ILi4ELi1ELb0EN4cute5tupleIJNS5_1CILi128EEENS7_ILi48EEES8_EEELi128ENS_6half_tEfNS_4arch4Sm80ELb0ELb1ELb1ELb1ELb0ELb0ELb1ELb0EEENS1_21CollectiveEpilogueFwdINS6_IJS8_S8_S9_EEENS6_IJNS7_ILi1EEESH_SH_EEESB_SD_Li128ELb1ELb1ELb0ELb0EEENS1_19SingleTileSchedulerILb1ELb0ELb1ELi128EEEEEEEEEvNT_6ParamsE' for 'sm_80'
Linux flash_attn_3 py3.9 cu126 torch2.7.0	UNKNOWN STEP	2026-04-22T08:42:43.7461376Z   ptxas info    : Function properties for _ZN7cutlass13device_kernelIN5flash19enable_sm80_to_sm89INS1_16FlashAttnFwdSm80INS1_25CollectiveMainloopFwdSm80ILi4ELi1ELb0EN4cute5tupleIJNS5_1CILi128EEENS7_ILi48EEES8_EEELi128ENS_6half_tEfNS_4arch4Sm80ELb0ELb1ELb1ELb1ELb0ELb0ELb1ELb0EEENS1_21CollectiveEpilogueFwdINS6_IJS8_S8_S9_EEENS6_IJNS7_ILi1EEESH_SH_EEESB_SD_Li128ELb1ELb1ELb0ELb0EEENS1_19SingleTileSchedulerILb1ELb0ELb1ELi128EEEEEEEEEvNT_6ParamsE
Linux flash_attn_3 py3.9 cu126 torch2.7.0	UNKNOWN STEP	2026-04-22T08:42:43.7464495Z       112 bytes stack frame, 180 bytes spill stores, 252 bytes spill loads
Linux flash_attn_3 py3.9 cu126 torch2.7.0	UNKNOWN STEP	2026-04-22T08:42:43.7465341Z   ptxas info    : Used 255 registers, used 2 barriers, 112 bytes cumulative stack size, 1400 bytes cmem[0]
Linux flash_attn_3 py3.9 cu126 torch2.7.0	UNKNOWN STEP	2026-04-22T08:42:43.7466076Z   ptxas info    : Compile time = 956.126 ms
Linux flash_attn_3 py3.9 cu126 torch2.7.0	UNKNOWN STEP	2026-04-22T08:42:43.7469207Z   ptxas info    : Compiling entry function '_ZN7cutlass13device_kernelIN5flash19enable_sm80_to_sm89INS1_16FlashAttnFwdSm80INS1_25CollectiveMainloopFwdSm80ILi4ELi1ELb0EN4cute5tupleIJNS5_1CILi128EEENS7_ILi48EEES8_EEELi128ENS_6half_tEfNS_4arch4Sm80ELb0ELb1ELb1ELb1ELb0ELb1ELb1ELb0EEENS1_21CollectiveEpilogueFwdINS6_IJS8_S8_S9_EEENS6_IJNS7_ILi1EEESH_SH_EEESB_SD_Li128ELb1ELb1ELb0ELb0EEENS1_19SingleTileSchedulerILb1ELb0ELb1ELi128EEEEEEEEEvNT_6ParamsE' for 'sm_80'
Linux flash_attn_3 py3.9 cu126 torch2.7.0	UNKNOWN STEP	2026-04-22T08:42:43.7475294Z   ptxas info    : Function properties for _ZN7cutlass13device_kernelIN5flash19enable_sm80_to_sm89INS1_16FlashAttnFwdSm80INS1_25CollectiveMainloopFwdSm80ILi4ELi1ELb0EN4cute5tupleIJNS5_1CILi128EEENS7_ILi48EEES8_EEELi128ENS_6half_tEfNS_4arch4Sm80ELb0ELb1ELb1ELb1ELb0ELb1ELb1ELb0EEENS1_21CollectiveEpilogueFwdINS6_IJS8_S8_S9_EEENS6_IJNS7_ILi1EEESH_SH_EEESB_SD_Li128ELb1ELb1ELb0ELb0EEENS1_19SingleTileSchedulerILb1ELb0ELb1ELi128EEEEEEEEEvNT_6ParamsE
Linux flash_attn_3 py3.9 cu126 torch2.7.0	UNKNOWN STEP	2026-04-22T08:42:43.7478545Z       256 bytes stack frame, 204 bytes spill stores, 440 bytes spill loads
Linux flash_attn_3 py3.9 cu126 torch2.7.0	UNKNOWN STEP	2026-04-22T08:42:43.7479475Z   ptxas info    : Used 255 registers, used 2 barriers, 256 bytes cumulative stack size, 1400 bytes cmem[0]
Linux flash_attn_3 py3.9 cu126 torch2.7.0	UNKNOWN STEP	2026-04-22T08:42:43.7480241Z   ptxas info    : Compile time = 1762.334 ms
Linux flash_attn_3 py3.9 cu126 torch2.7.0	UNKNOWN STEP	2026-04-22T08:42:43.7485045Z   ptxas info    : Function properties for _ZZN5flash25CollectiveMainloopFwdSm80ILi4ELi1ELb0EN4cute5tupleIJNS1_1CILi128EEENS3_ILi48EEES4_EEELi128EN7cutlass6half_tEfNS7_4arch4Sm80ELb0ELb1ELb1ELb1ELb0ELb1ELb1ELb0EE3mmaINS_16FlashAttnFwdSm80ISB_NS_21CollectiveEpilogueFwdINS2_IJS4_S4_S5_EEENS2_IJNS3_ILi1EEESG_SG_EEES8_SA_Li128ELb1ELb1ELb0ELb0EEENS_19SingleTileSchedulerILb1ELb0ELb1ELi128EEEE13SharedStorageENS1_6TensorINS1_11ArrayEngineIfLm128EEENS1_6LayoutINS2_IJNS2_IJNS3_ILi2EEESR_EEESR_NS3_ILi16EEEEEENS2_IJNS2_IJSG_SR_EEENS3_ILi4EEENS3_ILi8EEEEEEEEEENS_7SoftmaxILi4ELi0EEEEEbRKNSB_6ParamsERT0_RT1_iRKNS_16SeqlenInfoQKNewKILb1ELb1EEENS2_IJiiiiEEERT_ENKUlvE_clEv
Linux flash_attn_3 py3.9 cu126 torch2.7.0	UNKNOWN STEP	2026-04-22T08:42:43.7489541Z       0 bytes stack frame, 0 bytes spill stores, 0 bytes spill loads
Linux flash_attn_3 py3.9 cu126 torch2.7.0	UNKNOWN STEP	2026-04-22T08:42:43.7493112Z   ptxas info    : Compiling entry function '_ZN7cutlass13device_kernelIN5flash19enable_sm80_to_sm89INS1_16FlashAttnFwdSm80INS1_25CollectiveMainloopFwdSm80ILi4ELi1ELb0EN4cute5tupleIJNS5_1CILi128EEENS7_ILi64EEES8_EEELi128ENS_6half_tEfNS_4arch4Sm80ELb1ELb0ELb1ELb0ELb0ELb0ELb1ELb0EEENS1_21CollectiveEpilogueFwdINS6_IJS8_S8_S9_EEENS6_IJNS7_ILi1EEESH_SH_EEESB_SD_Li128ELb0ELb1ELb0ELb0EEENS1_30DynamicPersistentTileSchedulerILi128ELi128ELb0ELb1ELb0EEEEEEEEEvNT_6ParamsE' for 'sm_80'
Linux flash_attn_3 py3.9 cu126 torch2.7.0	UNKNOWN STEP	2026-04-22T08:42:43.7498965Z   ptxas info    : Function properties for _ZN7cutlass13device_kernelIN5flash19enable_sm80_to_sm89INS1_16FlashAttnFwdSm80INS1_25CollectiveMainloopFwdSm80ILi4ELi1ELb0EN4cute5tupleIJNS5_1CILi128EEENS7_ILi64EEES8_EEELi128ENS_6half_tEfNS_4arch4Sm80ELb1ELb0ELb1ELb0ELb0ELb0ELb1ELb0EEENS1_21CollectiveEpilogueFwdINS6_IJS8_S8_S9_EEENS6_IJNS7_ILi1EEESH_SH_EEESB_SD_Li128ELb0ELb1ELb0ELb0EEENS1_30DynamicPersistentTileSchedulerILi128ELi128ELb0ELb1ELb0EEEEEEEEEvNT_6ParamsE
Linux flash_attn_3 py3.9 cu126 torch2.7.0	UNKNOWN STEP	2026-04-22T08:42:43.7502455Z       216 bytes stack frame, 288 bytes spill stores, 684 bytes spill loads
Linux flash_attn_3 py3.9 cu126 torch2.7.0	UNKNOWN STEP	2026-04-22T08:42:43.7503323Z   ptxas info    : Used 255 registers, used 6 barriers, 216 bytes cumulative stack size, 1416 bytes cmem[0]
Linux flash_attn_3 py3.9 cu126 torch2.7.0	UNKNOWN STEP	2026-04-22T08:42:43.7504069Z   ptxas info    : Compile time = 920.328 ms
Linux flash_attn_3 py3.9 cu126 torch2.7.0	UNKNOWN STEP	2026-04-22T08:42:43.7507315Z   ptxas info    : Compiling entry function '_ZN7cutlass13device_kernelIN5flash19enable_sm80_to_sm89INS1_16FlashAttnFwdSm80INS1_25CollectiveMainloopFwdSm80ILi4ELi1ELb0EN4cute5tupleIJNS5_1CILi128EEENS7_ILi64EEES8_EEELi128ENS_6half_tEfNS_4arch4Sm80ELb1ELb0ELb1ELb1ELb0ELb0ELb1ELb0EEENS1_21CollectiveEpilogueFwdINS6_IJS8_S8_S9_EEENS6_IJNS7_ILi1EEESH_SH_EEESB_SD_Li128ELb1ELb1ELb0ELb0EEENS1_19SingleTileSchedulerILb1ELb0ELb1ELi128EEEEEEEEEvNT_6ParamsE' for 'sm_80'
Linux flash_attn_3 py3.9 cu126 torch2.7.0	UNKNOWN STEP	2026-04-22T08:42:43.7513197Z   ptxas info    : Function properties for _ZN7cutlass13device_kernelIN5flash19enable_sm80_to_sm89INS1_16FlashAttnFwdSm80INS1_25CollectiveMainloopFwdSm80ILi4ELi1ELb0EN4cute5tupleIJNS5_1CILi128EEENS7_ILi64EEES8_EEELi128ENS_6half_tEfNS_4arch4Sm80ELb1ELb0ELb1ELb1ELb0ELb0ELb1ELb0EEENS1_21CollectiveEpilogueFwdINS6_IJS8_S8_S9_EEENS6_IJNS7_ILi1EEESH_SH_EEESB_SD_Li128ELb1ELb1ELb0ELb0EEENS1_19SingleTileSchedulerILb1ELb0ELb1ELi128EEEEEEEEEvNT_6ParamsE
Linux flash_attn_3 py3.9 cu126 torch2.7.0	UNKNOWN STEP	2026-04-22T08:42:43.7516417Z       176 bytes stack frame, 316 bytes spill stores, 404 bytes spill loads
Linux flash_attn_3 py3.9 cu126 torch2.7.0	UNKNOWN STEP	2026-04-22T08:42:43.7517282Z   ptxas info    : Used 255 registers, used 2 barriers, 176 bytes cumulative stack size, 1400 bytes cmem[0]
Linux flash_attn_3 py3.9 cu126 torch2.7.0	UNKNOWN STEP	2026-04-22T08:42:43.7518037Z   ptxas info    : Compile time = 854.288 ms
Linux flash_attn_3 py3.9 cu126 torch2.7.0	UNKNOWN STEP	2026-04-22T08:42:43.7521271Z   ptxas info    : Compiling entry function '_ZN7cutlass13device_kernelIN5flash19enable_sm80_to_sm89INS1_16FlashAttnFwdSm80INS1_25CollectiveMainloopFwdSm80ILi4ELi1ELb0EN4cute5tupleIJNS5_1CILi128EEENS7_ILi64EEES8_EEELi128ENS_6half_tEfNS_4arch4Sm80ELb1ELb0ELb1ELb1ELb0ELb1ELb1ELb0EEENS1_21CollectiveEpilogueFwdINS6_IJS8_S8_S9_EEENS6_IJNS7_ILi1EEESH_SH_EEESB_SD_Li128ELb1ELb1ELb0ELb0EEENS1_19SingleTileSchedulerILb1ELb0ELb1ELi128EEEEEEEEEvNT_6ParamsE' for 'sm_80'
Linux flash_attn_3 py3.9 cu126 torch2.7.0	UNKNOWN STEP	2026-04-22T08:42:43.7527030Z   ptxas info    : Function properties for _ZN7cutlass13device_kernelIN5flash19enable_sm80_to_sm89INS1_16FlashAttnFwdSm80INS1_25CollectiveMainloopFwdSm80ILi4ELi1ELb0EN4cute5tupleIJNS5_1CILi128EEENS7_ILi64EEES8_EEELi128ENS_6half_tEfNS_4arch4Sm80ELb1ELb0ELb1ELb1ELb0ELb1ELb1ELb0EEENS1_21CollectiveEpilogueFwdINS6_IJS8_S8_S9_EEENS6_IJNS7_ILi1EEESH_SH_EEESB_SD_Li128ELb1ELb1ELb0ELb0EEENS1_19SingleTileSchedulerILb1ELb0ELb1ELi128EEEEEEEEEvNT_6ParamsE
Linux flash_attn_3 py3.9 cu126 torch2.7.0	UNKNOWN STEP	2026-04-22T08:42:43.7530058Z       160 bytes stack frame, 288 bytes spill stores, 376 bytes spill loads
Linux flash_attn_3 py3.9 cu126 torch2.7.0	UNKNOWN STEP	2026-04-22T08:42:43.7531359Z   ptxas info    : Used 255 registers, used 2 barriers, 160 bytes cumulative stack size, 1400 bytes cmem[0]
Linux flash_attn_3 py3.9 cu126 torch2.7.0	UNKNOWN STEP	2026-04-22T08:42:43.7532101Z   ptxas info    : Compile time = 1560.607 ms
Linux flash_attn_3 py3.9 cu126 torch2.7.0	UNKNOWN STEP	2026-04-22T08:42:43.7535002Z   ptxas info    : Compiling entry function '_ZN7cutlass13device_kernelIN5flash19enable_sm80_to_sm89INS1_16FlashAttnFwdSm80INS1_25CollectiveMainloopFwdSm80ILi8ELi1ELb1EN4cute5tupleIJNS5_1CILi128EEES8_S8_EEELi128ENS_6half_tEfNS_4arch4Sm80ELb0ELb0ELb0ELb0ELb0ELb0ELb1ELb0EEENS1_21CollectiveEpilogueFwdIS9_NS6_IJNS7_ILi1EEESF_SF_EEESA_SC_Li256ELb0ELb1ELb0ELb0EEENS1_19SingleTileSchedulerILb0ELb0ELb1ELi128EEEEEEEEEvNT_6ParamsE' for 'sm_80'
Linux flash_attn_3 py3.9 cu126 torch2.7.0	UNKNOWN STEP	2026-04-22T08:42:43.7540442Z   ptxas info    : Function properties for _ZN7cutlass13device_kernelIN5flash19enable_sm80_to_sm89INS1_16FlashAttnFwdSm80INS1_25CollectiveMainloopFwdSm80ILi8ELi1ELb1EN4cute5tupleIJNS5_1CILi128EEES8_S8_EEELi128ENS_6half_tEfNS_4arch4Sm80ELb0ELb0ELb0ELb0ELb0ELb0ELb1ELb0EEENS1_21CollectiveEpilogueFwdIS9_NS6_IJNS7_ILi1EEESF_SF_EEESA_SC_Li256ELb0ELb1ELb0ELb0EEENS1_19SingleTileSchedulerILb0ELb0ELb1ELi128EEEEEEEEEvNT_6ParamsE
Linux flash_attn_3 py3.9 cu126 torch2.7.0	UNKNOWN STEP	2026-04-22T08:42:43.7543615Z       16 bytes stack frame, 12 bytes spill stores, 12 bytes spill loads
Linux flash_attn_3 py3.9 cu126 torch2.7.0	UNKNOWN STEP	2026-04-22T08:42:43.7544467Z   ptxas info    : Used 255 registers, used 2 barriers, 16 bytes cumulative stack size, 1400 bytes cmem[0]
Linux flash_attn_3 py3.9 cu126 torch2.7.0	UNKNOWN STEP	2026-04-22T08:42:43.7545201Z   ptxas info    : Compile time = 415.910 ms
Linux flash_attn_3 py3.9 cu126 torch2.7.0	UNKNOWN STEP	2026-04-22T08:42:43.7548161Z   ptxas info    : Compiling entry function '_ZN7cutlass13device_kernelIN5flash19enable_sm80_to_sm89INS1_16FlashAttnFwdSm80INS1_25CollectiveMainloopFwdSm80ILi8ELi1ELb1EN4cute5tupleIJNS5_1CILi128EEES8_S8_EEELi128ENS_6half_tEfNS_4arch4Sm80ELb0ELb0ELb0ELb1ELb0ELb0ELb1ELb0EEENS1_21CollectiveEpilogueFwdIS9_NS6_IJNS7_ILi1EEESF_SF_EEESA_SC_Li256ELb1ELb1ELb0ELb0EEENS1_19SingleTileSchedulerILb1ELb0ELb1ELi128EEEEEEEEEvNT_6ParamsE' for 'sm_80'
Linux flash_attn_3 py3.9 cu126 torch2.7.0	UNKNOWN STEP	2026-04-22T08:42:43.7553728Z   ptxas info    : Function properties for _ZN7cutlass13device_kernelIN5flash19enable_sm80_to_sm89INS1_16FlashAttnFwdSm80INS1_25CollectiveMainloopFwdSm80ILi8ELi1ELb1EN4cute5tupleIJNS5_1CILi128EEES8_S8_EEELi128ENS_6half_tEfNS_4arch4Sm80ELb0ELb0ELb0ELb1ELb0ELb0ELb1ELb0EEENS1_21CollectiveEpilogueFwdIS9_NS6_IJNS7_ILi1EEESF_SF_EEESA_SC_Li256ELb1ELb1ELb0ELb0EEENS1_19SingleTileSchedulerILb1ELb0ELb1ELi128EEEEEEEEEvNT_6ParamsE
Linux flash_attn_3 py3.9 cu126 torch2.7.0	UNKNOWN STEP	2026-04-22T08:42:43.7556677Z       0 bytes stack frame, 0 bytes spill stores, 0 bytes spill loads
Linux flash_attn_3 py3.9 cu126 torch2.7.0	UNKNOWN STEP	2026-04-22T08:42:43.7557344Z   ptxas info    : Used 255 registers, used 2 barriers, 1400 bytes cmem[0]
Linux flash_attn_3 py3.9 cu126 torch2.7.0	UNKNOWN STEP	2026-04-22T08:42:43.7557910Z   ptxas info    : Compile time = 361.463 ms
Linux flash_attn_3 py3.9 cu126 torch2.7.0	UNKNOWN STEP	2026-04-22T08:42:43.7561239Z   ptxas info    : Compiling entry function '_ZN7cutlass13device_kernelIN5flash19enable_sm80_to_sm89INS1_16FlashAttnFwdSm80INS1_25CollectiveMainloopFwdSm80ILi8ELi1ELb1EN4cute5tupleIJNS5_1CILi128EEES8_S8_EEELi128ENS_6half_tEfNS_4arch4Sm80ELb0ELb0ELb0ELb1ELb0ELb1ELb1ELb0EEENS1_21CollectiveEpilogueFwdIS9_NS6_IJNS7_ILi1EEESF_SF_EEESA_SC_Li256ELb1ELb1ELb0ELb0EEENS1_19SingleTileSchedulerILb1ELb0ELb1ELi128EEEEEEEEEvNT_6ParamsE' for 'sm_80'
Linux flash_attn_3 py3.9 cu126 torch2.7.0	UNKNOWN STEP	2026-04-22T08:42:43.7566574Z   ptxas info    : Function properties for _ZN7cutlass13device_kernelIN5flash19enable_sm80_to_sm89INS1_16FlashAttnFwdSm80INS1_25CollectiveMainloopFwdSm80ILi8ELi1ELb1EN4cute5tupleIJNS5_1CILi128EEES8_S8_EEELi128ENS_6half_tEfNS_4arch4Sm80ELb0ELb0ELb0ELb1ELb0ELb1ELb1ELb0EEENS1_21CollectiveEpilogueFwdIS9_NS6_IJNS7_ILi1EEESF_SF_EEESA_SC_Li256ELb1ELb1ELb0ELb0EEENS1_19SingleTileSchedulerILb1ELb0ELb1ELi128EEEEEEEEEvNT_6ParamsE
Linux flash_attn_3 py3.9 cu126 torch2.7.0	UNKNOWN STEP	2026-04-22T08:42:43.7569620Z       8 bytes stack frame, 8 bytes spill stores, 12 bytes spill loads
Linux flash_attn_3 py3.9 cu126 torch2.7.0	UNKNOWN STEP	2026-04-22T08:42:43.7570452Z   ptxas info    : Used 255 registers, used 2 barriers, 8 bytes cumulative stack size, 1400 bytes cmem[0]
Linux flash_attn_3 py3.9 cu126 torch2.7.0	UNKNOWN STEP	2026-04-22T08:42:43.7573585Z   ptxas info    : Compile time = 801.187 ms
Linux flash_attn_3 py3.9 cu126 torch2.7.0	UNKNOWN STEP	2026-04-22T08:42:43.7576774Z   ptxas info    : Compiling entry function '_ZN7cutlass13device_kernelIN5flash19enable_sm80_to_sm89INS1_16FlashAttnFwdSm80INS1_25CollectiveMainloopFwdSm80ILi8ELi1ELb1EN4cute5tupleIJNS5_1CILi128EEENS7_ILi96EEES8_EEELi128ENS_6half_tEfNS_4arch4Sm80ELb0ELb1ELb0ELb0ELb0ELb0ELb1ELb0EEENS1_21CollectiveEpilogueFwdINS6_IJS8_S8_S9_EEENS6_IJNS7_ILi1EEESH_SH_EEESB_SD_Li256ELb0ELb1ELb0ELb0EEENS1_19SingleTileSchedulerILb0ELb0ELb1ELi128EEEEEEEEEvNT_6ParamsE' for 'sm_80'

=== STATS ===
Total lines: 45781
Total bytes: 10953019
nvcc/hopper hits: 67
ptxas info lines: 25702
